# JRE version: OpenJDK Runtime Environment (17.0.6) (build 17.0.6+0-b2043.56-9586694)
# Java VM: OpenJDK 64-Bit Server VM (17.0.6+0-b2043.56-9586694, mixed mode, tiered, compressed oops, compressed class ptrs, g1 gc, windows-amd64)
GC Precious Log:
 CPUs: 8 total, 8 available
 Memory: 8064M
 Large Page Support: Disabled
 NUMA Support: Disabled
 Compressed Oops: Enabled (32-bit)
 Heap Region Size: 1M
 Heap Min Capacity: 8M
 Heap Initial Capacity: 128M
 Heap Max Capacity: 2G
 Pre-touch: Disabled
 Parallel Workers: 8
 Concurrent Workers: 2
 Concurrent Refinement Workers: 8
 Periodic GC: Disabled
Heap:
 garbage-first heap   total 443392K, used 162454K [0x0000000080000000, 0x0000000100000000)
  region size 1024K, 3 young (3072K), 3 survivors (3072K)
 Metaspace       used 139654K, committed 140736K, reserved 1171456K
  class space    used 18803K, committed 19328K, reserved 1048576K
GC Heap History (20 events):
Event: 365.226 GC heap after
{Heap after GC invocations=59 (full 0):
 garbage-first heap   total 443392K, used 97917K [0x0000000080000000, 0x0000000100000000)
  region size 1024K, 1 young (1024K), 1 survivors (1024K)
 Metaspace       used 96290K, committed 97024K, reserved 1138688K
  class space    used 13012K, committed 13376K, reserved 1048576K
}
Event: 369.196 GC heap before
{Heap before GC invocations=59 (full 0):
 garbage-first heap   total 443392K, used 310909K [0x0000000080000000, 0x0000000100000000)
  region size 1024K, 208 young (212992K), 1 survivors (1024K)
 Metaspace       used 106835K, committed 107584K, reserved 1146880K
  class space    used 14314K, committed 14720K, reserved 1048576K
}
Event: 369.231 GC heap after
{Heap after GC invocations=60 (full 0):
 garbage-first heap   total 443392K, used 123535K [0x0000000080000000, 0x0000000100000000)
  region size 1024K, 24 young (24576K), 24 survivors (24576K)
 Metaspace       used 106835K, committed 107584K, reserved 1146880K
  class space    used 14314K, committed 14720K, reserved 1048576K
}
Event: 372.183 GC heap before
{Heap before GC invocations=60 (full 0):
 garbage-first heap   total 443392K, used 322191K [0x0000000080000000, 0x0000000100000000)
  region size 1024K, 219 young (224256K), 24 survivors (24576K)
 Metaspace       used 123405K, committed 124288K, reserved 1163264K
  class space    used 16995K, committed 17408K, reserved 1048576K
}
Event: 372.197 GC heap after
{Heap after GC invocations=61 (full 0):
 garbage-first heap   total 443392K, used 118427K [0x0000000080000000, 0x0000000100000000)
  region size 1024K, 8 young (8192K), 8 survivors (8192K)
 Metaspace       used 123405K, committed 124288K, reserved 1163264K
  class space    used 16995K, committed 17408K, reserved 1048576K
}
Event: 1745.970 GC heap before
{Heap before GC invocations=61 (full 0):
 garbage-first heap   total 443392K, used 357019K [0x0000000080000000, 0x0000000100000000)
  region size 1024K, 221 young (226304K), 8 survivors (8192K)
 Metaspace       used 131166K, committed 132096K, reserved 1163264K
  class space    used 18031K, committed 18496K, reserved 1048576K
}
Event: 1746.007 GC heap after
{Heap after GC invocations=62 (full 0):
 garbage-first heap   total 443392K, used 124996K [0x0000000080000000, 0x0000000100000000)
  region size 1024K, 15 young (15360K), 15 survivors (15360K)
 Metaspace       used 131166K, committed 132096K, reserved 1163264K
  class space    used 18031K, committed 18496K, reserved 1048576K
}
Event: 1775.810 GC heap before
{Heap before GC invocations=62 (full 0):
 garbage-first heap   total 443392K, used 370756K [0x0000000080000000, 0x0000000100000000)
  region size 1024K, 234 young (239616K), 15 survivors (15360K)
 Metaspace       used 137215K, committed 138112K, reserved 1171456K
  class space    used 18701K, committed 19136K, reserved 1048576K
}
Event: 1775.845 GC heap after
{Heap after GC invocations=63 (full 0):
 garbage-first heap   total 443392K, used 147633K [0x0000000080000000, 0x0000000100000000)
  region size 1024K, 30 young (30720K), 30 survivors (30720K)
 Metaspace       used 137215K, committed 138112K, reserved 1171456K
  class space    used 18701K, committed 19136K, reserved 1048576K
}
Event: 1918.673 GC heap before
{Heap before GC invocations=63 (full 0):
 garbage-first heap   total 443392K, used 368817K [0x0000000080000000, 0x0000000100000000)
  region size 1024K, 226 young (231424K), 30 survivors (30720K)
 Metaspace       used 138925K, committed 140032K, reserved 1171456K
  class space    used 18794K, committed 19328K, reserved 1048576K
}
Event: 1918.707 GC heap after
{Heap after GC invocations=64 (full 0):
 garbage-first heap   total 443392K, used 151484K [0x0000000080000000, 0x0000000100000000)
  region size 1024K, 12 young (12288K), 12 survivors (12288K)
 Metaspace       used 138925K, committed 140032K, reserved 1171456K
  class space    used 18794K, committed 19328K, reserved 1048576K
}
Event: 6342.598 GC heap before
{Heap before GC invocations=64 (full 0):
 garbage-first heap   total 443392K, used 374716K [0x0000000080000000, 0x0000000100000000)
  region size 1024K, 208 young (212992K), 12 survivors (12288K)
 Metaspace       used 139478K, committed 140608K, reserved 1171456K
  class space    used 18798K, committed 19328K, reserved 1048576K
}
Event: 6344.765 GC heap after
{Heap after GC invocations=65 (full 0):
 garbage-first heap   total 443392K, used 149436K [0x0000000080000000, 0x0000000100000000)
  region size 1024K, 8 young (8192K), 8 survivors (8192K)
 Metaspace       used 139478K, committed 140608K, reserved 1171456K
  class space    used 18798K, committed 19328K, reserved 1048576K
}
Event: 6351.742 GC heap before
{Heap before GC invocations=65 (full 0):
 garbage-first heap   total 443392K, used 161724K [0x0000000080000000, 0x0000000100000000)
  region size 1024K, 21 young (21504K), 8 survivors (8192K)
 Metaspace       used 139538K, committed 140608K, reserved 1171456K
  class space    used 18799K, committed 19328K, reserved 1048576K
}
Event: 6352.123 GC heap after
{Heap after GC invocations=66 (full 0):
 garbage-first heap   total 443392K, used 148315K [0x0000000080000000, 0x0000000100000000)
  region size 1024K, 3 young (3072K), 3 survivors (3072K)
 Metaspace       used 139538K, committed 140608K, reserved 1171456K
  class space    used 18799K, committed 19328K, reserved 1048576K
}
Event: 6355.276 GC heap before
{Heap before GC invocations=66 (full 0):
 garbage-first heap   total 443392K, used 166747K [0x0000000080000000, 0x0000000100000000)
  region size 1024K, 21 young (21504K), 3 survivors (3072K)
 Metaspace       used 139598K, committed 140672K, reserved 1171456K
  class space    used 18801K, committed 19328K, reserved 1048576K
}
Event: 6355.646 GC heap after
{Heap after GC invocations=67 (full 0):
 garbage-first heap   total 443392K, used 150887K [0x0000000080000000, 0x0000000100000000)
  region size 1024K, 3 young (3072K), 3 survivors (3072K)
 Metaspace       used 139598K, committed 140672K, reserved 1171456K
  class space    used 18801K, committed 19328K, reserved 1048576K
}
Event: 6359.870 GC heap before
{Heap before GC invocations=67 (full 0):
 garbage-first heap   total 443392K, used 168295K [0x0000000080000000, 0x0000000100000000)
  region size 1024K, 21 young (21504K), 3 survivors (3072K)
 Metaspace       used 139638K, committed 140736K, reserved 1171456K
  class space    used 18803K, committed 19328K, reserved 1048576K
}
Event: 6360.149 GC heap after
{Heap after GC invocations=68 (full 0):
 garbage-first heap   total 443392K, used 154695K [0x0000000080000000, 0x0000000100000000)
  region size 1024K, 3 young (3072K), 3 survivors (3072K)
 Metaspace       used 139638K, committed 140736K, reserved 1171456K
  class space    used 18803K, committed 19328K, reserved 1048576K
}
Event: 6360.723 GC heap before
{Heap before GC invocations=68 (full 0):
 garbage-first heap   total 443392K, used 175175K [0x0000000080000000, 0x0000000100000000)
  region size 1024K, 21 young (21504K), 3 survivors (3072K)
 Metaspace       used 139654K, committed 140736K, reserved 1171456K
  class space    used 18803K, committed 19328K, reserved 1048576K
}

